Performing C SOURCE FILE Test CMAKE_HAVE_LIBC_PTHREAD failed with the following output:
Change Dir: /home/luis/Documentos/github/Computacion-grafica/Examen/CMakeFiles/CMakeTmp

Run Build Command(s):/usr/bin/make cmTC_49cfd/fast && /usr/bin/make  -f CMakeFiles/cmTC_49cfd.dir/build.make CMakeFiles/cmTC_49cfd.dir/build
make[1]: se entra en el directorio '/home/luis/Documentos/github/Computacion-grafica/Examen/CMakeFiles/CMakeTmp'
Building C object CMakeFiles/cmTC_49cfd.dir/src.c.o
/usr/bin/cc   -DCMAKE_HAVE_LIBC_PTHREAD   -o CMakeFiles/cmTC_49cfd.dir/src.c.o   -c /home/luis/Documentos/github/Computacion-grafica/Examen/CMakeFiles/CMakeTmp/src.c
Linking C executable cmTC_49cfd
/snap/cmake/340/bin/cmake -E cmake_link_script CMakeFiles/cmTC_49cfd.dir/link.txt --verbose=1
/usr/bin/cc  -DCMAKE_HAVE_LIBC_PTHREAD    -rdynamic CMakeFiles/cmTC_49cfd.dir/src.c.o  -o cmTC_49cfd 
CMakeFiles/cmTC_49cfd.dir/src.c.o: En la función `main':
src.c:(.text+0x3e): referencia a `pthread_create' sin definir
src.c:(.text+0x4a): referencia a `pthread_detach' sin definir
src.c:(.text+0x56): referencia a `pthread_cancel' sin definir
src.c:(.text+0x67): referencia a `pthread_join' sin definir
src.c:(.text+0x7b): referencia a `pthread_atfork' sin definir
collect2: error: ld returned 1 exit status
CMakeFiles/cmTC_49cfd.dir/build.make:106: recipe for target 'cmTC_49cfd' failed
make[1]: *** [cmTC_49cfd] Error 1
make[1]: se sale del directorio '/home/luis/Documentos/github/Computacion-grafica/Examen/CMakeFiles/CMakeTmp'
Makefile:141: recipe for target 'cmTC_49cfd/fast' failed
make: *** [cmTC_49cfd/fast] Error 2


Source file was:
#include <pthread.h>

void* test_func(void* data)
{
  return data;
}

int main(void)
{
  pthread_t thread;
  pthread_create(&thread, NULL, test_func, NULL);
  pthread_detach(thread);
  pthread_cancel(thread);
  pthread_join(thread, NULL);
  pthread_atfork(NULL, NULL, NULL);
  pthread_exit(NULL);

  return 0;
}

Determining if the function pthread_create exists in the pthreads failed with the following output:
Change Dir: /home/luis/Documentos/github/Computacion-grafica/Examen/CMakeFiles/CMakeTmp

Run Build Command(s):/usr/bin/make cmTC_65f0b/fast && /usr/bin/make  -f CMakeFiles/cmTC_65f0b.dir/build.make CMakeFiles/cmTC_65f0b.dir/build
make[1]: se entra en el directorio '/home/luis/Documentos/github/Computacion-grafica/Examen/CMakeFiles/CMakeTmp'
Building C object CMakeFiles/cmTC_65f0b.dir/CheckFunctionExists.c.o
/usr/bin/cc   -DCHECK_FUNCTION_EXISTS=pthread_create   -o CMakeFiles/cmTC_65f0b.dir/CheckFunctionExists.c.o   -c /snap/cmake/340/share/cmake-3.17/Modules/CheckFunctionExists.c
Linking C executable cmTC_65f0b
/snap/cmake/340/bin/cmake -E cmake_link_script CMakeFiles/cmTC_65f0b.dir/link.txt --verbose=1
/usr/bin/cc  -DCHECK_FUNCTION_EXISTS=pthread_create    -rdynamic CMakeFiles/cmTC_65f0b.dir/CheckFunctionExists.c.o  -o cmTC_65f0b  -lpthreads 
/usr/bin/ld: no se puede encontrar -lpthreads
collect2: error: ld returned 1 exit status
CMakeFiles/cmTC_65f0b.dir/build.make:106: recipe for target 'cmTC_65f0b' failed
make[1]: *** [cmTC_65f0b] Error 1
make[1]: se sale del directorio '/home/luis/Documentos/github/Computacion-grafica/Examen/CMakeFiles/CMakeTmp'
Makefile:141: recipe for target 'cmTC_65f0b/fast' failed
make: *** [cmTC_65f0b/fast] Error 2



